{"contracts/Admin.sol":{"l":{"18":148,"19":144,"26":49,"27":48,"28":48,"29":48,"31":47,"32":46,"34":46,"45":3,"46":2,"47":5,"49":5,"50":1,"52":1},"path":"/Users/chadchillbro7/80trill/repo/travelblock/contracts/Admin.sol","s":{"1":148,"2":49,"3":48,"4":48,"5":48,"6":47,"7":46,"8":46,"9":3,"10":2,"11":5,"12":5,"13":1,"14":1},"b":{"1":[144,4],"2":[48,1],"3":[47,1],"4":[46,1],"5":[2,1],"6":[1,4]},"f":{"1":148,"2":49,"3":3},"fnMap":{"1":{"name":"onlyAdmin","line":17,"loc":{"start":{"line":17,"column":4},"end":{"line":17,"column":22}}},"2":{"name":"addAddressesToAdmins","line":25,"loc":{"start":{"line":25,"column":4},"end":{"line":25,"column":69}}},"3":{"name":"removeAddressesFromAdmins","line":44,"loc":{"start":{"line":44,"column":4},"end":{"line":44,"column":74}}}},"statementMap":{"1":{"start":{"line":18,"column":8},"end":{"line":18,"column":88}},"2":{"start":{"line":26,"column":8},"end":{"line":26,"column":73}},"3":{"start":{"line":27,"column":8},"end":{"line":27,"column":1092}},"4":{"start":{"line":28,"column":12},"end":{"line":28,"column":36}},"5":{"start":{"line":29,"column":12},"end":{"line":29,"column":80}},"6":{"start":{"line":31,"column":12},"end":{"line":31,"column":1278}},"7":{"start":{"line":32,"column":16},"end":{"line":32,"column":34}},"8":{"start":{"line":34,"column":16},"end":{"line":34,"column":37}},"9":{"start":{"line":45,"column":8},"end":{"line":45,"column":76}},"10":{"start":{"line":46,"column":8},"end":{"line":46,"column":2032}},"11":{"start":{"line":47,"column":12},"end":{"line":47,"column":36}},"12":{"start":{"line":49,"column":12},"end":{"line":49,"column":2135}},"13":{"start":{"line":50,"column":16},"end":{"line":50,"column":35}},"14":{"start":{"line":52,"column":16},"end":{"line":52,"column":39}}},"branchMap":{"1":{"line":18,"type":"if","locations":[{"start":{"line":18,"column":8},"end":{"line":18,"column":8}},{"start":{"line":18,"column":8},"end":{"line":18,"column":8}}]},"2":{"line":26,"type":"if","locations":[{"start":{"line":26,"column":8},"end":{"line":26,"column":8}},{"start":{"line":26,"column":8},"end":{"line":26,"column":8}}]},"3":{"line":29,"type":"if","locations":[{"start":{"line":29,"column":12},"end":{"line":29,"column":12}},{"start":{"line":29,"column":12},"end":{"line":29,"column":12}}]},"4":{"line":31,"type":"if","locations":[{"start":{"line":31,"column":12},"end":{"line":31,"column":12}},{"start":{"line":31,"column":12},"end":{"line":31,"column":12}}]},"5":{"line":45,"type":"if","locations":[{"start":{"line":45,"column":8},"end":{"line":45,"column":8}},{"start":{"line":45,"column":8},"end":{"line":45,"column":8}}]},"6":{"line":49,"type":"if","locations":[{"start":{"line":49,"column":12},"end":{"line":49,"column":12}},{"start":{"line":49,"column":12},"end":{"line":49,"column":12}}]}}},"contracts/Mocks/BasicTokenMock.sol":{"l":{"11":2,"12":2},"path":"/Users/chadchillbro7/80trill/repo/travelblock/contracts/Mocks/BasicTokenMock.sol","s":{"1":2,"2":2},"b":{},"f":{"1":2},"fnMap":{"1":{"name":null,"line":10,"loc":{"start":{"line":10,"column":4},"end":{"line":10,"column":68}}}},"statementMap":{"1":{"start":{"line":11,"column":8},"end":{"line":11,"column":48}},"2":{"start":{"line":12,"column":8},"end":{"line":12,"column":36}}},"branchMap":{}},"contracts/Mocks/ERC223TokenMock.sol":{"l":{"15":3,"16":3,"22":1,"23":1,"25":1,"28":1,"29":1},"path":"/Users/chadchillbro7/80trill/repo/travelblock/contracts/Mocks/ERC223TokenMock.sol","s":{"1":3,"2":3,"3":1,"4":1,"5":1},"b":{},"f":{"1":3,"2":1},"fnMap":{"1":{"name":null,"line":14,"loc":{"start":{"line":14,"column":4},"end":{"line":14,"column":68}}},"2":{"name":"transferERC223","line":20,"loc":{"start":{"line":20,"column":4},"end":{"line":21,"column":5}}}},"statementMap":{"1":{"start":{"line":15,"column":8},"end":{"line":15,"column":48}},"2":{"start":{"line":16,"column":8},"end":{"line":16,"column":36}},"3":{"start":{"line":22,"column":8},"end":{"line":22,"column":28}},"4":{"start":{"line":23,"column":8},"end":{"line":23,"column":30}},"5":{"start":{"line":28,"column":8},"end":{"line":28,"column":70}}},"branchMap":{}},"contracts/Mocks/SafeERC20Helper.sol":{"l":{"10":0,"14":1,"18":1,"22":1,"26":0,"30":0,"37":0,"41":1,"45":1,"49":1,"53":0,"57":0,"69":6,"70":6,"74":1,"78":1,"82":1,"86":1,"90":1,"94":1},"path":"/Users/chadchillbro7/80trill/repo/travelblock/contracts/Mocks/SafeERC20Helper.sol","s":{"1":0,"2":1,"3":1,"4":1,"5":0,"6":0,"7":0,"8":1,"9":1,"10":1,"11":0,"12":0,"13":6,"14":6},"b":{},"f":{"1":0,"2":1,"3":1,"4":1,"5":0,"6":0,"7":0,"8":1,"9":1,"10":1,"11":0,"12":0,"13":6,"14":1,"15":1,"16":1,"17":1,"18":1,"19":1},"fnMap":{"1":{"name":"totalSupply","line":9,"loc":{"start":{"line":9,"column":4},"end":{"line":9,"column":54}}},"2":{"name":"transfer","line":13,"loc":{"start":{"line":13,"column":4},"end":{"line":13,"column":59}}},"3":{"name":"transferFrom","line":17,"loc":{"start":{"line":17,"column":4},"end":{"line":17,"column":72}}},"4":{"name":"approve","line":21,"loc":{"start":{"line":21,"column":4},"end":{"line":21,"column":58}}},"5":{"name":"balanceOf","line":25,"loc":{"start":{"line":25,"column":4},"end":{"line":25,"column":59}}},"6":{"name":"allowance","line":29,"loc":{"start":{"line":29,"column":4},"end":{"line":29,"column":68}}},"7":{"name":"totalSupply","line":36,"loc":{"start":{"line":36,"column":4},"end":{"line":36,"column":54}}},"8":{"name":"transfer","line":40,"loc":{"start":{"line":40,"column":4},"end":{"line":40,"column":59}}},"9":{"name":"transferFrom","line":44,"loc":{"start":{"line":44,"column":4},"end":{"line":44,"column":72}}},"10":{"name":"approve","line":48,"loc":{"start":{"line":48,"column":4},"end":{"line":48,"column":58}}},"11":{"name":"balanceOf","line":52,"loc":{"start":{"line":52,"column":4},"end":{"line":52,"column":59}}},"12":{"name":"allowance","line":56,"loc":{"start":{"line":56,"column":4},"end":{"line":56,"column":68}}},"13":{"name":null,"line":68,"loc":{"start":{"line":68,"column":4},"end":{"line":68,"column":22}}},"14":{"name":"doFailingTransfer","line":73,"loc":{"start":{"line":73,"column":4},"end":{"line":73,"column":37}}},"15":{"name":"doFailingTransferFrom","line":77,"loc":{"start":{"line":77,"column":4},"end":{"line":77,"column":41}}},"16":{"name":"doFailingApprove","line":81,"loc":{"start":{"line":81,"column":4},"end":{"line":81,"column":36}}},"17":{"name":"doSucceedingTransfer","line":85,"loc":{"start":{"line":85,"column":4},"end":{"line":85,"column":40}}},"18":{"name":"doSucceedingTransferFrom","line":89,"loc":{"start":{"line":89,"column":4},"end":{"line":89,"column":44}}},"19":{"name":"doSucceedingApprove","line":93,"loc":{"start":{"line":93,"column":4},"end":{"line":93,"column":39}}}},"statementMap":{"1":{"start":{"line":10,"column":8},"end":{"line":10,"column":16}},"2":{"start":{"line":14,"column":8},"end":{"line":14,"column":20}},"3":{"start":{"line":18,"column":8},"end":{"line":18,"column":20}},"4":{"start":{"line":22,"column":8},"end":{"line":22,"column":20}},"5":{"start":{"line":26,"column":8},"end":{"line":26,"column":16}},"6":{"start":{"line":30,"column":8},"end":{"line":30,"column":16}},"7":{"start":{"line":37,"column":8},"end":{"line":37,"column":16}},"8":{"start":{"line":41,"column":8},"end":{"line":41,"column":19}},"9":{"start":{"line":45,"column":8},"end":{"line":45,"column":19}},"10":{"start":{"line":49,"column":8},"end":{"line":49,"column":19}},"11":{"start":{"line":53,"column":8},"end":{"line":53,"column":16}},"12":{"start":{"line":57,"column":8},"end":{"line":57,"column":16}},"13":{"start":{"line":69,"column":8},"end":{"line":69,"column":39}},"14":{"start":{"line":70,"column":8},"end":{"line":70,"column":45}}},"branchMap":{}},"contracts/Mocks/SafeMathMock.sol":{"l":{"10":3,"14":2,"18":2,"22":2},"path":"/Users/chadchillbro7/80trill/repo/travelblock/contracts/Mocks/SafeMathMock.sol","s":{"1":3,"2":2,"3":2,"4":2},"b":{},"f":{"1":3,"2":2,"3":2,"4":2},"fnMap":{"1":{"name":"mul","line":9,"loc":{"start":{"line":9,"column":4},"end":{"line":9,"column":66}}},"2":{"name":"div","line":13,"loc":{"start":{"line":13,"column":4},"end":{"line":13,"column":66}}},"3":{"name":"sub","line":17,"loc":{"start":{"line":17,"column":4},"end":{"line":17,"column":66}}},"4":{"name":"add","line":21,"loc":{"start":{"line":21,"column":4},"end":{"line":21,"column":66}}}},"statementMap":{"1":{"start":{"line":10,"column":8},"end":{"line":10,"column":33}},"2":{"start":{"line":14,"column":8},"end":{"line":14,"column":33}},"3":{"start":{"line":18,"column":8},"end":{"line":18,"column":33}},"4":{"start":{"line":22,"column":8},"end":{"line":22,"column":33}}},"branchMap":{}},"contracts/RewardToken.sol":{"l":{"27":122,"28":121,"33":88,"34":87,"38":113,"39":113,"50":86,"51":86,"53":86,"70":1,"72":1,"87":57},"path":"/Users/chadchillbro7/80trill/repo/travelblock/contracts/RewardToken.sol","s":{"1":122,"2":88,"3":113,"4":113,"5":86,"6":86,"7":1,"8":1,"9":57},"b":{"1":[121,1],"2":[87,1]},"f":{"1":122,"2":88,"3":113,"4":86,"5":1,"6":57},"fnMap":{"1":{"name":"isValidRewardIndex","line":26,"loc":{"start":{"line":26,"column":4},"end":{"line":26,"column":45}}},"2":{"name":"isValidRewardPercentage","line":32,"loc":{"start":{"line":32,"column":4},"end":{"line":32,"column":55}}},"3":{"name":null,"line":37,"loc":{"start":{"line":37,"column":4},"end":{"line":37,"column":55}}},"4":{"name":"addRewardPercentage","line":49,"loc":{"start":{"line":49,"column":4},"end":{"line":49,"column":130}}},"5":{"name":"updateRewardPercentageByIndex","line":64,"loc":{"start":{"line":64,"column":4},"end":{"line":69,"column":5}}},"6":{"name":"getRewardToken","line":81,"loc":{"start":{"line":81,"column":4},"end":{"line":86,"column":5}}}},"statementMap":{"1":{"start":{"line":27,"column":8},"end":{"line":27,"column":95}},"2":{"start":{"line":33,"column":8},"end":{"line":33,"column":108}},"3":{"start":{"line":38,"column":8},"end":{"line":38,"column":59}},"4":{"start":{"line":39,"column":8},"end":{"line":39,"column":84}},"5":{"start":{"line":50,"column":8},"end":{"line":50,"column":39}},"6":{"start":{"line":53,"column":8},"end":{"line":53,"column":50}},"7":{"start":{"line":70,"column":8},"end":{"line":70,"column":45}},"8":{"start":{"line":72,"column":8},"end":{"line":72,"column":50}},"9":{"start":{"line":87,"column":8},"end":{"line":87,"column":104}}},"branchMap":{"1":{"line":27,"type":"if","locations":[{"start":{"line":27,"column":8},"end":{"line":27,"column":8}},{"start":{"line":27,"column":8},"end":{"line":27,"column":8}}]},"2":{"line":33,"type":"if","locations":[{"start":{"line":33,"column":8},"end":{"line":33,"column":8}},{"start":{"line":33,"column":8},"end":{"line":33,"column":8}}]}}},"contracts/TRVLToken.sol":{"l":{"19":88,"20":83,"21":77,"26":89,"27":88,"36":113,"37":113,"38":113,"46":6,"48":6,"49":2,"52":4,"53":3,"54":3,"56":1,"66":7,"68":7,"69":3,"71":4,"72":3,"73":3,"75":1,"85":10,"86":8,"109":57,"112":57,"113":57,"114":57,"117":57,"118":57,"137":17,"138":17,"140":17,"158":1,"159":1,"161":1},"path":"/Users/chadchillbro7/80trill/repo/travelblock/contracts/TRVLToken.sol","s":{"1":88,"2":83,"3":89,"4":113,"5":113,"6":113,"7":6,"8":6,"9":2,"10":4,"11":3,"12":3,"13":1,"14":7,"15":7,"16":3,"17":4,"18":3,"19":3,"20":1,"21":10,"22":8,"23":57,"24":57,"25":57,"26":57,"27":57,"28":57,"29":17,"30":17,"31":17,"32":1,"33":1,"34":1},"b":{"1":[83,5],"2":[77,6],"3":[88,1],"4":[2,4],"5":[3,1],"6":[3,4],"7":[3,1]},"f":{"1":88,"2":89,"3":113,"4":6,"5":7,"6":10,"7":57,"8":17,"9":1},"fnMap":{"1":{"name":"senderHasEnoughTokens","line":18,"loc":{"start":{"line":18,"column":4},"end":{"line":18,"column":79}}},"2":{"name":"validAmount","line":25,"loc":{"start":{"line":25,"column":4},"end":{"line":25,"column":39}}},"3":{"name":null,"line":35,"loc":{"start":{"line":35,"column":4},"end":{"line":35,"column":44}}},"4":{"name":"paymentRegularTokensPriority","line":45,"loc":{"start":{"line":45,"column":4},"end":{"line":45,"column":96}}},"5":{"name":"paymentRewardTokensPriority","line":65,"loc":{"start":{"line":65,"column":4},"end":{"line":65,"column":95}}},"6":{"name":"paymentMixed","line":84,"loc":{"start":{"line":84,"column":4},"end":{"line":84,"column":120}}},"7":{"name":"paymentRegularTokens","line":100,"loc":{"start":{"line":100,"column":4},"end":{"line":107,"column":5}}},"8":{"name":"paymentRewardTokens","line":130,"loc":{"start":{"line":130,"column":4},"end":{"line":136,"column":5}}},"9":{"name":"convertRegularToRewardTokens","line":151,"loc":{"start":{"line":151,"column":4},"end":{"line":157,"column":5}}}},"statementMap":{"1":{"start":{"line":19,"column":8},"end":{"line":19,"column":103}},"2":{"start":{"line":20,"column":8},"end":{"line":20,"column":99}},"3":{"start":{"line":26,"column":8},"end":{"line":26,"column":57}},"4":{"start":{"line":36,"column":8},"end":{"line":36,"column":31}},"5":{"start":{"line":37,"column":8},"end":{"line":37,"column":37}},"6":{"start":{"line":38,"column":8},"end":{"line":38,"column":47}},"7":{"start":{"line":46,"column":8},"end":{"line":46,"column":60}},"8":{"start":{"line":48,"column":8},"end":{"line":48,"column":2121}},"9":{"start":{"line":49,"column":12},"end":{"line":49,"column":64}},"10":{"start":{"line":52,"column":12},"end":{"line":52,"column":2263}},"11":{"start":{"line":53,"column":16},"end":{"line":53,"column":82}},"12":{"start":{"line":54,"column":16},"end":{"line":54,"column":98}},"13":{"start":{"line":56,"column":16},"end":{"line":56,"column":43}},"14":{"start":{"line":66,"column":8},"end":{"line":66,"column":65}},"15":{"start":{"line":68,"column":8},"end":{"line":68,"column":3064}},"16":{"start":{"line":69,"column":12},"end":{"line":69,"column":39}},"17":{"start":{"line":71,"column":12},"end":{"line":71,"column":3179}},"18":{"start":{"line":72,"column":16},"end":{"line":72,"column":81}},"19":{"start":{"line":73,"column":16},"end":{"line":73,"column":97}},"20":{"start":{"line":75,"column":16},"end":{"line":75,"column":68}},"21":{"start":{"line":85,"column":8},"end":{"line":85,"column":46}},"22":{"start":{"line":86,"column":8},"end":{"line":86,"column":72}},"23":{"start":{"line":109,"column":8},"end":{"line":109,"column":75}},"24":{"start":{"line":112,"column":8},"end":{"line":112,"column":89}},"25":{"start":{"line":113,"column":8},"end":{"line":113,"column":80}},"26":{"start":{"line":114,"column":8},"end":{"line":114,"column":60}},"27":{"start":{"line":117,"column":8},"end":{"line":117,"column":83}},"28":{"start":{"line":118,"column":8},"end":{"line":118,"column":79}},"29":{"start":{"line":137,"column":8},"end":{"line":137,"column":86}},"30":{"start":{"line":138,"column":8},"end":{"line":138,"column":76}},"31":{"start":{"line":140,"column":8},"end":{"line":140,"column":66}},"32":{"start":{"line":158,"column":8},"end":{"line":158,"column":63}},"33":{"start":{"line":159,"column":8},"end":{"line":159,"column":65}},"34":{"start":{"line":161,"column":8},"end":{"line":161,"column":55}}},"branchMap":{"1":{"line":19,"type":"if","locations":[{"start":{"line":19,"column":8},"end":{"line":19,"column":8}},{"start":{"line":19,"column":8},"end":{"line":19,"column":8}}]},"2":{"line":20,"type":"if","locations":[{"start":{"line":20,"column":8},"end":{"line":20,"column":8}},{"start":{"line":20,"column":8},"end":{"line":20,"column":8}}]},"3":{"line":26,"type":"if","locations":[{"start":{"line":26,"column":8},"end":{"line":26,"column":8}},{"start":{"line":26,"column":8},"end":{"line":26,"column":8}}]},"4":{"line":48,"type":"if","locations":[{"start":{"line":48,"column":8},"end":{"line":48,"column":8}},{"start":{"line":48,"column":8},"end":{"line":48,"column":8}}]},"5":{"line":52,"type":"if","locations":[{"start":{"line":52,"column":12},"end":{"line":52,"column":12}},{"start":{"line":52,"column":12},"end":{"line":52,"column":12}}]},"6":{"line":68,"type":"if","locations":[{"start":{"line":68,"column":8},"end":{"line":68,"column":8}},{"start":{"line":68,"column":8},"end":{"line":68,"column":8}}]},"7":{"line":71,"type":"if","locations":[{"start":{"line":71,"column":12},"end":{"line":71,"column":12}},{"start":{"line":71,"column":12},"end":{"line":71,"column":12}}]}}},"contracts/Whitelist.sol":{"l":{"16":77,"17":75,"24":49,"25":48,"26":186,"27":186,"29":185,"30":184,"32":184,"41":6,"42":5,"43":8,"45":8,"46":7,"48":7},"path":"/Users/chadchillbro7/80trill/repo/travelblock/contracts/Whitelist.sol","s":{"1":77,"2":49,"3":48,"4":186,"5":186,"6":185,"7":184,"8":184,"9":6,"10":5,"11":8,"12":8,"13":7,"14":7},"b":{"1":[75,2],"2":[48,1],"3":[185,1],"4":[184,1],"5":[5,1],"6":[7,1]},"f":{"1":77,"2":49,"3":6},"fnMap":{"1":{"name":"isWhitelisted","line":15,"loc":{"start":{"line":15,"column":4},"end":{"line":15,"column":39}}},"2":{"name":"addAddressesToWhitelist","line":23,"loc":{"start":{"line":23,"column":4},"end":{"line":23,"column":71}}},"3":{"name":"removeAddressesFromWhitelist","line":40,"loc":{"start":{"line":40,"column":4},"end":{"line":40,"column":76}}}},"statementMap":{"1":{"start":{"line":16,"column":8},"end":{"line":16,"column":69}},"2":{"start":{"line":24,"column":8},"end":{"line":24,"column":75}},"3":{"start":{"line":25,"column":8},"end":{"line":25,"column":844}},"4":{"start":{"line":26,"column":12},"end":{"line":26,"column":35}},"5":{"start":{"line":27,"column":12},"end":{"line":27,"column":83}},"6":{"start":{"line":29,"column":12},"end":{"line":29,"column":1031}},"7":{"start":{"line":30,"column":16},"end":{"line":30,"column":37}},"8":{"start":{"line":32,"column":16},"end":{"line":32,"column":41}},"9":{"start":{"line":41,"column":8},"end":{"line":41,"column":78}},"10":{"start":{"line":42,"column":8},"end":{"line":42,"column":1556}},"11":{"start":{"line":43,"column":12},"end":{"line":43,"column":35}},"12":{"start":{"line":45,"column":12},"end":{"line":45,"column":1657}},"13":{"start":{"line":46,"column":16},"end":{"line":46,"column":38}},"14":{"start":{"line":48,"column":16},"end":{"line":48,"column":43}}},"branchMap":{"1":{"line":16,"type":"if","locations":[{"start":{"line":16,"column":8},"end":{"line":16,"column":8}},{"start":{"line":16,"column":8},"end":{"line":16,"column":8}}]},"2":{"line":24,"type":"if","locations":[{"start":{"line":24,"column":8},"end":{"line":24,"column":8}},{"start":{"line":24,"column":8},"end":{"line":24,"column":8}}]},"3":{"line":27,"type":"if","locations":[{"start":{"line":27,"column":12},"end":{"line":27,"column":12}},{"start":{"line":27,"column":12},"end":{"line":27,"column":12}}]},"4":{"line":29,"type":"if","locations":[{"start":{"line":29,"column":12},"end":{"line":29,"column":12}},{"start":{"line":29,"column":12},"end":{"line":29,"column":12}}]},"5":{"line":41,"type":"if","locations":[{"start":{"line":41,"column":8},"end":{"line":41,"column":8}},{"start":{"line":41,"column":8},"end":{"line":41,"column":8}}]},"6":{"line":45,"type":"if","locations":[{"start":{"line":45,"column":12},"end":{"line":45,"column":12}},{"start":{"line":45,"column":12},"end":{"line":45,"column":12}}]}}}}